   1               		.file	"flash.c"
   2               	__SP_H__ = 0x3e
   3               	__SP_L__ = 0x3d
   4               	__SREG__ = 0x3f
   5               	__RAMPZ__ = 0x3b
   6               	__CCP__ = 0x34
   7               	__tmp_reg__ = 0
   8               	__zero_reg__ = 1
  10               		.text
  11               	.Ltext0:
 371               		.section	.text.Flash_ProgramPage,"ax",@progbits
 376               	.global	Flash_ProgramPage
 378               	Flash_ProgramPage:
   1:flash.c       **** /************************************************************************/
   2:flash.c       **** /* Generic ATMEL Flash Driver                                           */
   3:flash.c       **** /*                                                                      */
   4:flash.c       **** /* flash.c                                                              */
   5:flash.c       **** /*                                                                      */
   6:flash.c       **** /* Alex Forencich <alex@alexforencich.com>                              */
   7:flash.c       **** /*                                                                      */
   8:flash.c       **** /* Copyright (c) 2011 Alex Forencich                                    */
   9:flash.c       **** /*                                                                      */
  10:flash.c       **** /* Permission is hereby granted, free of charge, to any person          */
  11:flash.c       **** /* obtaining a copy of this software and associated documentation       */
  12:flash.c       **** /* files(the "Software"), to deal in the Software without restriction,  */
  13:flash.c       **** /* including without limitation the rights to use, copy, modify, merge, */
  14:flash.c       **** /* publish, distribute, sublicense, and/or sell copies of the Software, */
  15:flash.c       **** /* and to permit persons to whom the Software is furnished to do so,    */
  16:flash.c       **** /* subject to the following conditions:                                 */
  17:flash.c       **** /*                                                                      */
  18:flash.c       **** /* The above copyright notice and this permission notice shall be       */
  19:flash.c       **** /* included in all copies or substantial portions of the Software.      */
  20:flash.c       **** /*                                                                      */
  21:flash.c       **** /* THE SOFTWARE IS PROVIDED "AS IS", WITHOUT WARRANTY OF ANY KIND,      */
  22:flash.c       **** /* EXPRESS OR IMPLIED, INCLUDING BUT NOT LIMITED TO THE WARRANTIES OF   */
  23:flash.c       **** /* MERCHANTABILITY, FITNESS FOR A PARTICULAR PURPOSE AND                */
  24:flash.c       **** /* NONINFRINGEMENT. IN NO EVENT SHALL THE AUTHORS OR COPYRIGHT HOLDERS  */
  25:flash.c       **** /* BE LIABLE FOR ANY CLAIM, DAMAGES OR OTHER LIABILITY, WHETHER IN AN   */
  26:flash.c       **** /* ACTION OF CONTRACT, TORT OR OTHERWISE, ARISING FROM, OUT OF OR IN    */
  27:flash.c       **** /* CONNECTION WITH THE SOFTWARE OR THE USE OR OTHER DEALINGS IN THE     */
  28:flash.c       **** /* SOFTWARE.                                                            */
  29:flash.c       **** /*                                                                      */
  30:flash.c       **** /************************************************************************/
  31:flash.c       **** 
  32:flash.c       **** #include "flash.h"
  33:flash.c       **** 
  34:flash.c       **** #ifdef __AVR_XMEGA__
  35:flash.c       **** 
  36:flash.c       **** // XMega functions
  37:flash.c       **** // (sp_driver wrapper)
  38:flash.c       **** 
  39:flash.c       **** void Flash_ProgramPage(uint32_t page, uint8_t *buf, uint8_t erase)
  40:flash.c       **** {
 380               	.LM0:
 381               	.LFBB1:
 382 0000 CF92      		push r12
 383 0002 DF92      		push r13
 384 0004 EF92      		push r14
 385 0006 FF92      		push r15
 386 0008 CF93      		push r28
 387 000a DF93      		push r29
 388 000c 1F92      		push __zero_reg__
 389 000e CDB7      		in r28,__SP_L__
 390 0010 DEB7      		in r29,__SP_H__
 391               	/* prologue: function */
 392               	/* frame size = 1 */
 393               	/* stack size = 7 */
 394               	.L__stack_usage = 7
 395 0012 6B01      		movw r12,r22
 396 0014 7C01      		movw r14,r24
 397 0016 CA01      		movw r24,r20
  41:flash.c       ****         Flash_LoadFlashPage(buf);
 399               	.LM1:
 400 0018 2983      		std Y+1,r18
 401 001a 0E94 0000 		call SP_LoadFlashPage
  42:flash.c       ****         
  43:flash.c       ****         if (erase)
 403               	.LM2:
 404 001e 2981      		ldd r18,Y+1
  44:flash.c       ****         {
  45:flash.c       ****                 Flash_EraseWriteApplicationPage(page);
 406               	.LM3:
 407 0020 C701      		movw r24,r14
 408 0022 B601      		movw r22,r12
  43:flash.c       ****         if (erase)
 410               	.LM4:
 411 0024 2223      		tst r18
 412 0026 01F0      		breq .L2
 414               	.LM5:
 415 0028 0E94 0000 		call SP_EraseWriteApplicationPage
 416 002c 00C0      		rjmp .L3
 417               	.L2:
  46:flash.c       ****         }
  47:flash.c       ****         else
  48:flash.c       ****         {
  49:flash.c       ****                 Flash_WriteApplicationPage(page);
 419               	.LM6:
 420 002e 0E94 0000 		call SP_WriteApplicationPage
 421               	.L3:
 422               	/* epilogue start */
  50:flash.c       ****         }
  51:flash.c       ****         
  52:flash.c       ****         Flash_WaitForSPM();
  53:flash.c       **** }
 424               	.LM7:
 425 0032 0F90      		pop __tmp_reg__
 426 0034 DF91      		pop r29
 427 0036 CF91      		pop r28
 428 0038 FF90      		pop r15
 429 003a EF90      		pop r14
 430 003c DF90      		pop r13
 431 003e CF90      		pop r12
  52:flash.c       ****         Flash_WaitForSPM();
 433               	.LM8:
 434 0040 0C94 0000 		jmp SP_WaitForSPM
 436               	.Lscope1:
 437               		.text
 439               	.Letext0:
 440               		.ident	"GCC: (AVR_8_bit_GNU_Toolchain_3.4.2_992) 4.7.2"
DEFINED SYMBOLS
                            *ABS*:00000000 flash.c
C:\Users\Matthew\AppData\Local\Temp\ccGl2blV.s:2      *ABS*:0000003e __SP_H__
C:\Users\Matthew\AppData\Local\Temp\ccGl2blV.s:3      *ABS*:0000003d __SP_L__
C:\Users\Matthew\AppData\Local\Temp\ccGl2blV.s:4      *ABS*:0000003f __SREG__
C:\Users\Matthew\AppData\Local\Temp\ccGl2blV.s:5      *ABS*:0000003b __RAMPZ__
C:\Users\Matthew\AppData\Local\Temp\ccGl2blV.s:6      *ABS*:00000034 __CCP__
C:\Users\Matthew\AppData\Local\Temp\ccGl2blV.s:7      *ABS*:00000000 __tmp_reg__
C:\Users\Matthew\AppData\Local\Temp\ccGl2blV.s:8      *ABS*:00000001 __zero_reg__
C:\Users\Matthew\AppData\Local\Temp\ccGl2blV.s:378    .text.Flash_ProgramPage:00000000 Flash_ProgramPage

UNDEFINED SYMBOLS
SP_LoadFlashPage
SP_EraseWriteApplicationPage
SP_WriteApplicationPage
SP_WaitForSPM
